<?xml version="1.0" encoding="UTF-8"?>
<!-- Generated by org.testng.reporters.JUnitReportReporter -->
<testsuite hostname="DESKTOP-CS0S6G9" failures="0" tests="1" name="rahulshettyacademy.errorValidation" time="20.275" errors="0" timestamp="2024-09-01T16:19:30 IST" skipped="0">
  <testcase classname="rahulshettyacademy.errorValidation" name="submitOrder" time="20.275"/>
  <system-out/>
</testsuite> <!-- rahulshettyacademy.errorValidation -->
