<?xml version="1.0" encoding="UTF-8"?>
<!-- Generated by org.testng.reporters.JUnitReportReporter -->
<testsuite hostname="DESKTOP-CS0S6G9" failures="0" tests="2" name="rahulshettyacademy.errorValidationTest" time="49.219" errors="0" timestamp="2024-09-09T16:00:55 IST" skipped="0">
  <testcase classname="rahulshettyacademy.errorValidationTest" name="productErrorValidation" time="19.306"/>
  <testcase classname="rahulshettyacademy.errorValidationTest" name="LoginErrorValidtion" time="29.913"/>
</testsuite> <!-- rahulshettyacademy.errorValidationTest -->
